\BOOKMARK [1][-]{section.1}{\376\377\137\025\212\000\060\001\215\050\160\271\124\214\217\320\122\250\166\204\143\317\217\360}{}% 1
\BOOKMARK [2][-]{subsection.1.1}{\376\377\232\330\116\055\162\151\164\006\166\204\170\024\172\166\133\371\214\141}{section.1}% 2
\BOOKMARK [2][-]{subsection.1.2}{\376\377\215\050\160\271}{section.1}% 3
\BOOKMARK [2][-]{subsection.1.3}{\376\377\217\320\122\250\166\204\143\317\217\360}{section.1}% 4
\BOOKMARK [2][-]{subsection.1.4}{\376\377\220\037\136\246\124\214\122\240\220\037\136\246}{section.1}% 5
\BOOKMARK [1][-]{section.2}{\376\377\123\000\122\240\220\037\166\364\176\277\217\320\122\250\166\204\211\304\137\213}{}% 6
\BOOKMARK [2][-]{subsection.2.1}{\376\377\220\037\136\246\145\366\225\364\121\163\174\373}{section.2}% 7
\BOOKMARK [2][-]{subsection.2.2}{\376\377\117\115\171\373\145\366\225\364\121\163\174\373\124\214\117\115\171\373\220\037\136\246\121\163\174\373}{section.2}% 8
\BOOKMARK [2][-]{subsection.2.3}{\376\377\217\375\121\373\225\356\230\230}{section.2}% 9
\BOOKMARK [2][-]{subsection.2.4}{\376\377\121\166\116\326\116\140\230\230}{section.2}% 10
\BOOKMARK [1][-]{section.3}{\376\377\227\131\122\233\136\163\210\141}{}% 11
\BOOKMARK [2][-]{subsection.3.1}{\376\377\167\342\221\317\124\010\142\020\124\214\153\143\116\244\122\006\211\343}{section.3}% 12
\BOOKMARK [2][-]{subsection.3.2}{\376\377\136\070\211\301\122\233\166\204\162\171\137\201}{section.3}% 13
\BOOKMARK [2][-]{subsection.3.3}{\376\377\121\170\127\213\116\140\230\230}{section.3}% 14
\BOOKMARK [1][-]{section.4}{\376\377\162\133\230\177\173\054\116\214\133\232\137\213}{}% 15
\BOOKMARK [2][-]{subsection.4.1}{\376\377\162\133\230\177\173\054\116\214\133\232\137\213\166\204\164\006\211\343}{section.4}% 16
\BOOKMARK [2][-]{subsection.4.2}{\376\377\145\164\117\123\154\325\116\016\226\224\171\273\154\325}{section.4}% 17
\BOOKMARK [2][-]{subsection.4.3}{\376\377\221\317\176\262\122\006\147\220}{section.4}% 18
\BOOKMARK [1][-]{section.5}{\376\377\131\032\217\307\172\013\166\204\162\133\230\177\173\054\116\214\133\232\137\213\122\006\147\220}{}% 19
\BOOKMARK [2][-]{subsection.5.1}{\376\377\123\125\162\151\117\123\166\204\131\032\217\307\172\013\122\006\147\220\377\032\145\234\227\142\000-\136\163\227\142\152\041\127\213}{section.5}% 20
\BOOKMARK [2][-]{subsection.5.2}{\376\377\131\032\162\151\117\123\166\204\131\032\217\307\172\013\122\006\147\220\377\032\162\151\127\127\000-\147\050\147\177\152\041\127\213}{section.5}% 21
\BOOKMARK [1][-]{section.6}{\376\377\200\375\221\317\124\214\122\250\221\317}{}% 22
\BOOKMARK [2][-]{subsection.6.1}{\376\377\122\237\124\214\122\277\200\375}{section.6}% 23
\BOOKMARK [2][-]{subsection.6.2}{\376\377\122\250\200\375\124\214\122\250\200\375\133\232\164\006}{section.6}% 24
\BOOKMARK [2][-]{subsection.6.3}{\376\377\147\072\150\260\200\375\133\210\140\122\133\232\137\213}{section.6}% 25
\BOOKMARK [2][-]{subsection.6.4}{\376\377\122\250\221\317\133\232\164\006\124\214\122\250\221\317\133\210\140\122}{section.6}% 26
\BOOKMARK [1][-]{section.7}{\376\377\166\364\176\277\217\320\122\250\176\374\124\010\225\356\230\230}{}% 27
\BOOKMARK [1][-]{section.8}{\376\377\136\163\142\233\217\320\122\250}{}% 28
\BOOKMARK [2][-]{subsection.8.1}{\376\377\220\037\136\246\124\010\142\020}{section.8}% 29
\BOOKMARK [2][-]{subsection.8.2}{\376\377\146\362\176\277\217\320\122\250}{section.8}% 30
\BOOKMARK [2][-]{subsection.8.3}{\376\377\136\163\142\233\217\320\122\250}{section.8}% 31
\BOOKMARK [1][-]{section.9}{\376\377\123\000\220\037\127\006\124\150\217\320\122\250}{}% 32
\BOOKMARK [2][-]{subsection.9.1}{\376\377\211\322\220\037\136\246\124\214\176\277\220\037\136\246}{section.9}% 33
\BOOKMARK [2][-]{subsection.9.2}{\376\377\124\021\137\303\122\240\220\037\136\246}{section.9}% 34
\BOOKMARK [2][-]{subsection.9.3}{\376\377\171\273\137\303\163\260\214\141}{section.9}% 35
\BOOKMARK [1][-]{section.10}{\376\377\116\007\147\011\137\025\122\233\133\232\137\213}{}% 36
\BOOKMARK [2][-]{subsection.10.1}{\376\377\116\007\147\011\137\025\122\233}{section.10}% 37
\BOOKMARK [2][-]{subsection.10.2}{\376\377\210\114\146\037\217\150\220\123\124\214\137\000\146\156\122\322\133\232\137\213}{section.10}% 38
