\BOOKMARK [1][-]{section.1}{\376\377\147\072\150\260\143\057\122\250\116\016\147\072\150\260\154\342\060\001\165\065\170\301\154\342}{}% 1
\BOOKMARK [2][-]{subsection.1.1}{\376\377\147\072\150\260\143\057\122\250}{section.1}% 2
\BOOKMARK [3][-]{subsubsection.1.1.1}{\376\377\123\125\144\106}{subsection.1.1}% 3
\BOOKMARK [3][-]{subsubsection.1.1.2}{\376\377\121\161\143\057\163\260\214\141\124\214\226\073\134\074\143\057\122\250}{subsection.1.1}% 4
\BOOKMARK [2][-]{subsection.1.2}{\376\377\154\342\122\250}{section.1}% 5
\BOOKMARK [3][-]{subsubsection.1.2.1}{\376\377\147\072\150\260\154\342\166\204\117\040\144\255}{subsection.1.2}% 6
\BOOKMARK [3][-]{subsubsection.1.2.2}{\376\377\165\065\170\301\154\342\166\204\116\247\165\037\124\214\117\040\144\255}{subsection.1.2}% 7
\BOOKMARK [3][-]{subsubsection.1.2.3}{\376\377\154\342\166\204\136\162\155\211\124\214\210\115\134\004\163\260\214\141}{subsection.1.2}% 8
\BOOKMARK [1][-]{section.2}{\376\377\154\342\122\250\211\322\136\246\116\013\166\204\121\111\133\146}{}% 9
\BOOKMARK [2][-]{subsection.2.1}{\376\377\121\340\117\125\121\111\133\146}{section.2}% 10
\BOOKMARK [2][-]{subsection.2.2}{\376\377\121\111\166\204\136\162\155\211\377\032\147\150\154\017\123\314\177\035}{section.2}% 11
\BOOKMARK [2][-]{subsection.2.3}{\376\377\210\115\134\004\124\214\120\117\143\057}{section.2}% 12
\BOOKMARK [1][-]{section.3}{\376\377\121\111\166\204\154\342\174\222\116\214\214\141\140\047\124\214\154\342\134\024\154\042\123\237\133\120\152\041\127\213}{}% 13
\BOOKMARK [2][-]{subsection.3.1}{\376\377\121\111\165\065\145\110\136\224}{section.3}% 14
\BOOKMARK [2][-]{subsection.3.2}{\376\377\123\237\133\120\176\323\147\204}{section.3}% 15
\BOOKMARK [2][-]{subsection.3.3}{\376\377\154\342\134\024\154\042\123\237\133\120\116\055\166\204\200\375\176\247\215\303\217\301}{section.3}% 16
\BOOKMARK [1][-]{section.4}{\376\377\162\355\116\111\166\370\133\371\213\272\116\016\123\237\133\120\150\070}{}% 17
\BOOKMARK [2][-]{subsection.4.1}{\376\377\162\355\116\111\166\370\133\371\213\272}{section.4}% 18
\BOOKMARK [2][-]{subsection.4.2}{\376\377\123\237\133\120\150\070\166\204\147\204\142\020}{section.4}% 19
\BOOKMARK [2][-]{subsection.4.3}{\376\377\150\070\123\315\136\224}{section.4}% 20
